0 verbose cli /Users/jweland/.nvm/versions/node/v22.22.2/bin/node /Users/jweland/.nvm/versions/node/v22.22.2/bin/npm
1 info using npm@10.9.7
2 info using node@v22.22.2
3 silly config load:file:/Users/jweland/.nvm/versions/node/v22.22.2/lib/node_modules/npm/npmrc
4 silly config load:file:/Users/jweland/code/github.com/johnweland/jackson-firearm-co/jfc-website/.npmrc
5 silly config load:file:/Users/jweland/.npmrc
6 silly config load:file:/Users/jweland/.nvm/versions/node/v22.22.2/etc/npmrc
7 verbose title npm ci
8 verbose argv "ci" "--cache" ".npm" "--prefer-offline"
9 verbose logfile logs-max:10 dir:/Users/jweland/code/github.com/johnweland/jackson-firearm-co/jfc-website/.npm/_logs/2026-05-01T00_18_33_199Z-
10 verbose logfile /Users/jweland/code/github.com/johnweland/jackson-firearm-co/jfc-website/.npm/_logs/2026-05-01T00_18_33_199Z-debug-0.log
11 silly logfile done cleaning log files
12 silly packumentCache heap:4345298944 maxSize:1086324736 maxEntrySize:543162368
13 silly idealTree buildDeps
14 silly fetch manifest zod@3.25.17
15 silly packumentCache full:https://registry.npmjs.org/zod cache-miss
16 http cache https://registry.npmjs.org/zod 11ms (cache hit)
17 silly packumentCache full:https://registry.npmjs.org/zod set size:3518811 disposed:false
18 silly placeDep ROOT zod@3.25.17 KEEP for: @aws-amplify/backend-output-schemas@1.8.0 want: 3.25.17
19 warn ERESOLVE overriding peer dependency {
19 warn ERESOLVE   code: 'ERESOLVE',
19 warn ERESOLVE   edge: {
19 warn ERESOLVE     type: 'peer',
19 warn ERESOLVE     name: 'zod',
19 warn ERESOLVE     spec: '3.25.17',
19 warn ERESOLVE     error: 'PEER LOCAL',
19 warn ERESOLVE     from: {
19 warn ERESOLVE       name: '@aws-amplify/backend-output-schemas',
19 warn ERESOLVE       version: '1.8.0',
19 warn ERESOLVE       location: 'node_modules/@aws-amplify/data-construct/node_modules/@aws-amplify/backend-output-schemas',
19 warn ERESOLVE       isWorkspace: false,
19 warn ERESOLVE       dependents: [Array]
19 warn ERESOLVE     }
19 warn ERESOLVE   },
19 warn ERESOLVE   dep: {
19 warn ERESOLVE     name: 'zod',
19 warn ERESOLVE     version: '3.25.17',
19 warn ERESOLVE     whileInstalling: {
19 warn ERESOLVE       name: '@aws-amplify/backend-output-schemas',
19 warn ERESOLVE       version: '1.8.0',
19 warn ERESOLVE       path: '/Users/jweland/code/github.com/johnweland/jackson-firearm-co/jfc-website/node_modules/@aws-amplify/data-construct/node_modules/@aws-amplify/backend-output-schemas'
19 warn ERESOLVE     },
19 warn ERESOLVE     location: 'node_modules/zod',
19 warn ERESOLVE     isWorkspace: false,
19 warn ERESOLVE     dependents: [ [Object] ]
19 warn ERESOLVE   },
19 warn ERESOLVE   force: false,
19 warn ERESOLVE   isMine: false,
19 warn ERESOLVE   strictPeerDeps: false,
19 warn ERESOLVE   current: {
19 warn ERESOLVE     name: 'zod',
19 warn ERESOLVE     version: '3.25.17',
19 warn ERESOLVE     location: 'node_modules/@aws-amplify/data-construct/node_modules/@aws-amplify/backend-output-schemas/node_modules/zod',
19 warn ERESOLVE     isWorkspace: false,
19 warn ERESOLVE     dependents: []
19 warn ERESOLVE   }
19 warn ERESOLVE }
20 silly placeDep ROOT zod@3.25.17 KEEP for: @aws-amplify/backend-output-schemas@1.8.0 want: 3.25.17
21 warn ERESOLVE overriding peer dependency {
21 warn ERESOLVE   code: 'ERESOLVE',
21 warn ERESOLVE   edge: {
21 warn ERESOLVE     type: 'peer',
21 warn ERESOLVE     name: 'zod',
21 warn ERESOLVE     spec: '3.25.17',
21 warn ERESOLVE     error: 'PEER LOCAL',
21 warn ERESOLVE     from: {
21 warn ERESOLVE       name: '@aws-amplify/backend-output-schemas',
21 warn ERESOLVE       version: '1.8.0',
21 warn ERESOLVE       location: 'node_modules/@aws-amplify/graphql-api-construct/node_modules/@aws-amplify/backend-output-schemas',
21 warn ERESOLVE       isWorkspace: false,
21 warn ERESOLVE       dependents: [Array]
21 warn ERESOLVE     }
21 warn ERESOLVE   },
21 warn ERESOLVE   dep: {
21 warn ERESOLVE     name: 'zod',
21 warn ERESOLVE     version: '3.25.17',
21 warn ERESOLVE     whileInstalling: {
21 warn ERESOLVE       name: '@aws-amplify/backend-output-schemas',
21 warn ERESOLVE       version: '1.8.0',
21 warn ERESOLVE       path: '/Users/jweland/code/github.com/johnweland/jackson-firearm-co/jfc-website/node_modules/@aws-amplify/graphql-api-construct/node_modules/@aws-amplify/backend-output-schemas'
21 warn ERESOLVE     },
21 warn ERESOLVE     location: 'node_modules/zod',
21 warn ERESOLVE     isWorkspace: false,
21 warn ERESOLVE     dependents: [ [Object] ]
21 warn ERESOLVE   },
21 warn ERESOLVE   force: false,
21 warn ERESOLVE   isMine: false,
21 warn ERESOLVE   strictPeerDeps: false,
21 warn ERESOLVE   current: {
21 warn ERESOLVE     name: 'zod',
21 warn ERESOLVE     version: '3.25.17',
21 warn ERESOLVE     location: 'node_modules/@aws-amplify/graphql-api-construct/node_modules/@aws-amplify/backend-output-schemas/node_modules/zod',
21 warn ERESOLVE     isWorkspace: false,
21 warn ERESOLVE     dependents: []
21 warn ERESOLVE   }
21 warn ERESOLVE }
22 silly fetch manifest yaml@^2.4.2
23 silly packumentCache full:https://registry.npmjs.org/yaml cache-miss
24 http fetch GET 200 https://registry.npmjs.org/yaml 129ms (cache miss)
25 silly packumentCache full:https://registry.npmjs.org/yaml set size:undefined disposed:false
26 silly placeDep node_modules/vitest yaml@2.8.3 OK for: vite@8.0.10 want: ^2.4.2
27 verbose stack Error: 
27 verbose stack `npm ci` can only install packages when your package.json and package-lock.json or npm-shrinkwrap.json are in sync. Please update your lock file with `npm install` before continuing.
27 verbose stack
27 verbose stack Missing: yaml@2.8.3 from lock file
27 verbose stack
27 verbose stack Clean install a project
27 verbose stack
27 verbose stack Usage:
27 verbose stack npm ci
27 verbose stack
27 verbose stack Options:
27 verbose stack [--install-strategy <hoisted|nested|shallow|linked>] [--legacy-bundling]
27 verbose stack [--global-style] [--omit <dev|optional|peer> [--omit <dev|optional|peer> ...]]
27 verbose stack [--include <prod|dev|optional|peer> [--include <prod|dev|optional|peer> ...]]
27 verbose stack [--strict-peer-deps] [--foreground-scripts] [--ignore-scripts] [--no-audit]
27 verbose stack [--no-bin-links] [--no-fund] [--dry-run]
27 verbose stack [-w|--workspace <workspace-name> [-w|--workspace <workspace-name> ...]]
27 verbose stack [-ws|--workspaces] [--include-workspace-root] [--install-links]
27 verbose stack
27 verbose stack aliases: clean-install, ic, install-clean, isntall-clean
27 verbose stack
27 verbose stack Run "npm help ci" for more info
27 verbose stack     at CI.usageError (/Users/jweland/.nvm/versions/node/v22.22.2/lib/node_modules/npm/lib/base-cmd.js:111:26)
27 verbose stack     at CI.exec (/Users/jweland/.nvm/versions/node/v22.22.2/lib/node_modules/npm/lib/commands/ci.js:70:18)
27 verbose stack     at async Npm.exec (/Users/jweland/.nvm/versions/node/v22.22.2/lib/node_modules/npm/lib/npm.js:207:9)
27 verbose stack     at async module.exports (/Users/jweland/.nvm/versions/node/v22.22.2/lib/node_modules/npm/lib/cli/entry.js:74:5)
28 error code EUSAGE
29 error
29 error `npm ci` can only install packages when your package.json and package-lock.json or npm-shrinkwrap.json are in sync. Please update your lock file with `npm install` before continuing.
29 error
29 error Missing: yaml@2.8.3 from lock file
29 error
29 error Clean install a project
29 error
29 error Usage:
29 error npm ci
29 error
29 error Options:
29 error [--install-strategy <hoisted|nested|shallow|linked>] [--legacy-bundling]
29 error [--global-style] [--omit <dev|optional|peer> [--omit <dev|optional|peer> ...]]
29 error [--include <prod|dev|optional|peer> [--include <prod|dev|optional|peer> ...]]
29 error [--strict-peer-deps] [--foreground-scripts] [--ignore-scripts] [--no-audit]
29 error [--no-bin-links] [--no-fund] [--dry-run]
29 error [-w|--workspace <workspace-name> [-w|--workspace <workspace-name> ...]]
29 error [-ws|--workspaces] [--include-workspace-root] [--install-links]
29 error
29 error aliases: clean-install, ic, install-clean, isntall-clean
29 error
29 error Run "npm help ci" for more info
30 verbose cwd /Users/jweland/code/github.com/johnweland/jackson-firearm-co/jfc-website
31 verbose os Darwin 25.4.0
32 verbose node v22.22.2
33 verbose npm  v10.9.7
34 verbose exit 1
35 verbose code 1
36 error A complete log of this run can be found in: /Users/jweland/code/github.com/johnweland/jackson-firearm-co/jfc-website/.npm/_logs/2026-05-01T00_18_33_199Z-debug-0.log
